<?xml version="1.0" encoding="UTF-8"?>
<!-- Generated by org.testng.reporters.JUnitReportReporter -->
<testsuite hostname="jai" failures="0" tests="1" name="com.cdchackathon.testcase.formfields.LoanTenureTest" time="0.000" errors="0" timestamp="2020-06-12T15:58:28 IST" skipped="1">
  <testcase classname="com.cdchackathon.testcase.formfields.LoanTenureTest" name="clickLoanPage" time="0.000">
    <skipped/>
  </testcase> <!-- clickLoanPage -->
  <system-out/>
</testsuite> <!-- com.cdchackathon.testcase.formfields.LoanTenureTest -->
