<?xml version="1.0" encoding="UTF-8"?>
<!-- Generated by org.testng.reporters.JUnitReportReporter -->
<testsuite hostname="jai" failures="0" tests="1" name="com.cdchackathon.testcase.webpage.HomeLoanPageTest" time="7.504" errors="0" timestamp="2020-07-07T10:48:57 IST" skipped="0">
  <testcase classname="com.cdchackathon.testcase.webpage.HomeLoanPageTest" name="getTitle" time="7.504"/>
  <system-out/>
</testsuite> <!-- com.cdchackathon.testcase.webpage.HomeLoanPageTest -->
