<?xml version="1.0" encoding="UTF-8"?>
<!-- Generated by org.testng.reporters.JUnitReportReporter -->
<testsuite hostname="jai" failures="0" tests="2" name="com.cdchackathon.testcases.TestHomeLoan" time="13.956" errors="0" timestamp="2020-06-11T20:31:31 IST" skipped="0">
  <testcase classname="com.cdchackathon.testcases.TestHomeLoan" name="getTitle" time="5.422"/>
  <system-out/>
  <testcase classname="com.cdchackathon.testcases.TestHomeLoan" name="clickLoanPage" time="8.534"/>
  <system-out/>
</testsuite> <!-- com.cdchackathon.testcases.TestHomeLoan -->
