<?xml version="1.0" encoding="UTF-8"?>
<!-- Generated by org.testng.reporters.JUnitReportReporter -->
<testsuite hostname="jai" failures="0" tests="2" name="com.cdchackathon.testcase.casestudy.CaseStudy" time="27.696" errors="0" timestamp="2020-07-07T10:48:57 IST" skipped="0">
  <testcase classname="com.cdchackathon.testcase.casestudy.CaseStudy" name="getTitle" time="11.856"/>
  <system-out/>
  <testcase classname="com.cdchackathon.testcase.casestudy.CaseStudy" name="clickLoanPage" time="15.840"/>
  <system-out/>
</testsuite> <!-- com.cdchackathon.testcase.casestudy.CaseStudy -->
